[2021-03-08T16:12:15.997] [INFO] http - GET
[2021-03-08T16:12:15.997] [INFO] http - {
  host: 'localhost:3030',
  connection: 'keep-alive',
  'cache-control': 'max-age=0',
  'sec-ch-ua': '"Chromium";v="88", "Google Chrome";v="88", ";Not A Brand";v="99"',
  'sec-ch-ua-mobile': '?0',
  'upgrade-insecure-requests': '1',
  'user-agent': 'Mozilla/5.0 (Macintosh; Intel Mac OS X 10_14_6) AppleWebKit/537.36 (KHTML, like Gecko) Chrome/88.0.4324.192 Safari/537.36',
  accept: 'text/html,application/xhtml+xml,application/xml;q=0.9,image/avif,image/webp,image/apng,*/*;q=0.8,application/signed-exchange;v=b3;q=0.9',
  'sec-fetch-site': 'none',
  'sec-fetch-mode': 'navigate',
  'sec-fetch-user': '?1',
  'sec-fetch-dest': 'document',
  'accept-encoding': 'gzip, deflate, br',
  'accept-language': 'zh-CN,zh;q=0.9'
}
[2021-03-08T16:13:41.035] [INFO] http - GET
[2021-03-08T16:13:41.035] [INFO] http - {
  host: 'localhost:3030',
  connection: 'keep-alive',
  'cache-control': 'max-age=0',
  'sec-ch-ua': '"Chromium";v="88", "Google Chrome";v="88", ";Not A Brand";v="99"',
  'sec-ch-ua-mobile': '?0',
  'upgrade-insecure-requests': '1',
  'user-agent': 'Mozilla/5.0 (Macintosh; Intel Mac OS X 10_14_6) AppleWebKit/537.36 (KHTML, like Gecko) Chrome/88.0.4324.192 Safari/537.36',
  accept: 'text/html,application/xhtml+xml,application/xml;q=0.9,image/avif,image/webp,image/apng,*/*;q=0.8,application/signed-exchange;v=b3;q=0.9',
  'sec-fetch-site': 'none',
  'sec-fetch-mode': 'navigate',
  'sec-fetch-user': '?1',
  'sec-fetch-dest': 'document',
  'accept-encoding': 'gzip, deflate, br',
  'accept-language': 'zh-CN,zh;q=0.9'
}
[2021-03-08T16:14:41.062] [INFO] http - GET
[2021-03-08T16:14:41.062] [INFO] http - {
  host: 'localhost:3030',
  connection: 'keep-alive',
  'cache-control': 'max-age=0',
  'sec-ch-ua': '"Chromium";v="88", "Google Chrome";v="88", ";Not A Brand";v="99"',
  'sec-ch-ua-mobile': '?0',
  'upgrade-insecure-requests': '1',
  'user-agent': 'Mozilla/5.0 (Macintosh; Intel Mac OS X 10_14_6) AppleWebKit/537.36 (KHTML, like Gecko) Chrome/88.0.4324.192 Safari/537.36',
  accept: 'text/html,application/xhtml+xml,application/xml;q=0.9,image/avif,image/webp,image/apng,*/*;q=0.8,application/signed-exchange;v=b3;q=0.9',
  'sec-fetch-site': 'none',
  'sec-fetch-mode': 'navigate',
  'sec-fetch-user': '?1',
  'sec-fetch-dest': 'document',
  'accept-encoding': 'gzip, deflate, br',
  'accept-language': 'zh-CN,zh;q=0.9'
}
[2021-03-08T16:16:32.031] [INFO] http - {
  method: 'GET',
  url: '/list/10010',
  header: {
    host: 'localhost:3030',
    connection: 'keep-alive',
    'cache-control': 'max-age=0',
    'sec-ch-ua': '"Chromium";v="88", "Google Chrome";v="88", ";Not A Brand";v="99"',
    'sec-ch-ua-mobile': '?0',
    'upgrade-insecure-requests': '1',
    'user-agent': 'Mozilla/5.0 (Macintosh; Intel Mac OS X 10_14_6) AppleWebKit/537.36 (KHTML, like Gecko) Chrome/88.0.4324.192 Safari/537.36',
    accept: 'text/html,application/xhtml+xml,application/xml;q=0.9,image/avif,image/webp,image/apng,*/*;q=0.8,application/signed-exchange;v=b3;q=0.9',
    'sec-fetch-site': 'none',
    'sec-fetch-mode': 'navigate',
    'sec-fetch-user': '?1',
    'sec-fetch-dest': 'document',
    'accept-encoding': 'gzip, deflate, br',
    'accept-language': 'zh-CN,zh;q=0.9'
  }
}
[2021-03-08T16:16:58.425] [INFO] http - {
  method: 'GET',
  url: '/list/10010',
  header: {
    host: 'localhost:3030',
    connection: 'keep-alive',
    'cache-control': 'max-age=0',
    'sec-ch-ua': '"Chromium";v="88", "Google Chrome";v="88", ";Not A Brand";v="99"',
    'sec-ch-ua-mobile': '?0',
    'upgrade-insecure-requests': '1',
    'user-agent': 'Mozilla/5.0 (Macintosh; Intel Mac OS X 10_14_6) AppleWebKit/537.36 (KHTML, like Gecko) Chrome/88.0.4324.192 Safari/537.36',
    accept: 'text/html,application/xhtml+xml,application/xml;q=0.9,image/avif,image/webp,image/apng,*/*;q=0.8,application/signed-exchange;v=b3;q=0.9',
    'sec-fetch-site': 'none',
    'sec-fetch-mode': 'navigate',
    'sec-fetch-user': '?1',
    'sec-fetch-dest': 'document',
    'accept-encoding': 'gzip, deflate, br',
    'accept-language': 'zh-CN,zh;q=0.9'
  }
}
[2021-03-08T16:17:00.711] [INFO] http - {
  method: 'GET',
  url: '/list/10010',
  header: {
    host: 'localhost:3030',
    connection: 'keep-alive',
    'cache-control': 'max-age=0',
    'sec-ch-ua': '"Chromium";v="88", "Google Chrome";v="88", ";Not A Brand";v="99"',
    'sec-ch-ua-mobile': '?0',
    'upgrade-insecure-requests': '1',
    'user-agent': 'Mozilla/5.0 (Macintosh; Intel Mac OS X 10_14_6) AppleWebKit/537.36 (KHTML, like Gecko) Chrome/88.0.4324.192 Safari/537.36',
    accept: 'text/html,application/xhtml+xml,application/xml;q=0.9,image/avif,image/webp,image/apng,*/*;q=0.8,application/signed-exchange;v=b3;q=0.9',
    'sec-fetch-site': 'none',
    'sec-fetch-mode': 'navigate',
    'sec-fetch-user': '?1',
    'sec-fetch-dest': 'document',
    'accept-encoding': 'gzip, deflate, br',
    'accept-language': 'zh-CN,zh;q=0.9'
  }
}
[2021-03-08T16:17:02.963] [INFO] http - {
  method: 'GET',
  url: '/list/10010',
  header: {
    host: 'localhost:3030',
    connection: 'keep-alive',
    'cache-control': 'max-age=0',
    'sec-ch-ua': '"Chromium";v="88", "Google Chrome";v="88", ";Not A Brand";v="99"',
    'sec-ch-ua-mobile': '?0',
    'upgrade-insecure-requests': '1',
    'user-agent': 'Mozilla/5.0 (Macintosh; Intel Mac OS X 10_14_6) AppleWebKit/537.36 (KHTML, like Gecko) Chrome/88.0.4324.192 Safari/537.36',
    accept: 'text/html,application/xhtml+xml,application/xml;q=0.9,image/avif,image/webp,image/apng,*/*;q=0.8,application/signed-exchange;v=b3;q=0.9',
    'sec-fetch-site': 'none',
    'sec-fetch-mode': 'navigate',
    'sec-fetch-user': '?1',
    'sec-fetch-dest': 'document',
    'accept-encoding': 'gzip, deflate, br',
    'accept-language': 'zh-CN,zh;q=0.9'
  }
}
[2021-03-08T16:17:04.650] [INFO] http - {
  method: 'GET',
  url: '/list/10010',
  header: {
    host: 'localhost:3030',
    connection: 'keep-alive',
    'cache-control': 'max-age=0',
    'sec-ch-ua': '"Chromium";v="88", "Google Chrome";v="88", ";Not A Brand";v="99"',
    'sec-ch-ua-mobile': '?0',
    'upgrade-insecure-requests': '1',
    'user-agent': 'Mozilla/5.0 (Macintosh; Intel Mac OS X 10_14_6) AppleWebKit/537.36 (KHTML, like Gecko) Chrome/88.0.4324.192 Safari/537.36',
    accept: 'text/html,application/xhtml+xml,application/xml;q=0.9,image/avif,image/webp,image/apng,*/*;q=0.8,application/signed-exchange;v=b3;q=0.9',
    'sec-fetch-site': 'none',
    'sec-fetch-mode': 'navigate',
    'sec-fetch-user': '?1',
    'sec-fetch-dest': 'document',
    'accept-encoding': 'gzip, deflate, br',
    'accept-language': 'zh-CN,zh;q=0.9'
  }
}
[2021-03-08T16:17:06.581] [INFO] http - {
  method: 'GET',
  url: '/list/10010',
  header: {
    host: 'localhost:3030',
    connection: 'keep-alive',
    'cache-control': 'max-age=0',
    'sec-ch-ua': '"Chromium";v="88", "Google Chrome";v="88", ";Not A Brand";v="99"',
    'sec-ch-ua-mobile': '?0',
    'upgrade-insecure-requests': '1',
    'user-agent': 'Mozilla/5.0 (Macintosh; Intel Mac OS X 10_14_6) AppleWebKit/537.36 (KHTML, like Gecko) Chrome/88.0.4324.192 Safari/537.36',
    accept: 'text/html,application/xhtml+xml,application/xml;q=0.9,image/avif,image/webp,image/apng,*/*;q=0.8,application/signed-exchange;v=b3;q=0.9',
    'sec-fetch-site': 'none',
    'sec-fetch-mode': 'navigate',
    'sec-fetch-user': '?1',
    'sec-fetch-dest': 'document',
    'accept-encoding': 'gzip, deflate, br',
    'accept-language': 'zh-CN,zh;q=0.9'
  }
}
[2021-03-08T16:17:08.262] [INFO] http - {
  method: 'GET',
  url: '/list/10010',
  header: {
    host: 'localhost:3030',
    connection: 'keep-alive',
    'cache-control': 'max-age=0',
    'sec-ch-ua': '"Chromium";v="88", "Google Chrome";v="88", ";Not A Brand";v="99"',
    'sec-ch-ua-mobile': '?0',
    'upgrade-insecure-requests': '1',
    'user-agent': 'Mozilla/5.0 (Macintosh; Intel Mac OS X 10_14_6) AppleWebKit/537.36 (KHTML, like Gecko) Chrome/88.0.4324.192 Safari/537.36',
    accept: 'text/html,application/xhtml+xml,application/xml;q=0.9,image/avif,image/webp,image/apng,*/*;q=0.8,application/signed-exchange;v=b3;q=0.9',
    'sec-fetch-site': 'none',
    'sec-fetch-mode': 'navigate',
    'sec-fetch-user': '?1',
    'sec-fetch-dest': 'document',
    'accept-encoding': 'gzip, deflate, br',
    'accept-language': 'zh-CN,zh;q=0.9'
  }
}
[2021-03-08T16:17:09.969] [INFO] http - {
  method: 'GET',
  url: '/list/10010',
  header: {
    host: 'localhost:3030',
    connection: 'keep-alive',
    'cache-control': 'max-age=0',
    'sec-ch-ua': '"Chromium";v="88", "Google Chrome";v="88", ";Not A Brand";v="99"',
    'sec-ch-ua-mobile': '?0',
    'upgrade-insecure-requests': '1',
    'user-agent': 'Mozilla/5.0 (Macintosh; Intel Mac OS X 10_14_6) AppleWebKit/537.36 (KHTML, like Gecko) Chrome/88.0.4324.192 Safari/537.36',
    accept: 'text/html,application/xhtml+xml,application/xml;q=0.9,image/avif,image/webp,image/apng,*/*;q=0.8,application/signed-exchange;v=b3;q=0.9',
    'sec-fetch-site': 'none',
    'sec-fetch-mode': 'navigate',
    'sec-fetch-user': '?1',
    'sec-fetch-dest': 'document',
    'accept-encoding': 'gzip, deflate, br',
    'accept-language': 'zh-CN,zh;q=0.9'
  }
}
[2021-03-08T16:17:12.215] [INFO] http - {
  method: 'GET',
  url: '/list/10010',
  header: {
    host: 'localhost:3030',
    connection: 'keep-alive',
    'cache-control': 'max-age=0',
    'sec-ch-ua': '"Chromium";v="88", "Google Chrome";v="88", ";Not A Brand";v="99"',
    'sec-ch-ua-mobile': '?0',
    'upgrade-insecure-requests': '1',
    'user-agent': 'Mozilla/5.0 (Macintosh; Intel Mac OS X 10_14_6) AppleWebKit/537.36 (KHTML, like Gecko) Chrome/88.0.4324.192 Safari/537.36',
    accept: 'text/html,application/xhtml+xml,application/xml;q=0.9,image/avif,image/webp,image/apng,*/*;q=0.8,application/signed-exchange;v=b3;q=0.9',
    'sec-fetch-site': 'none',
    'sec-fetch-mode': 'navigate',
    'sec-fetch-user': '?1',
    'sec-fetch-dest': 'document',
    'accept-encoding': 'gzip, deflate, br',
    'accept-language': 'zh-CN,zh;q=0.9'
  }
}
[2021-03-08T16:17:14.766] [INFO] http - {
  method: 'GET',
  url: '/list/10010',
  header: {
    host: 'localhost:3030',
    connection: 'keep-alive',
    'cache-control': 'max-age=0',
    'sec-ch-ua': '"Chromium";v="88", "Google Chrome";v="88", ";Not A Brand";v="99"',
    'sec-ch-ua-mobile': '?0',
    'upgrade-insecure-requests': '1',
    'user-agent': 'Mozilla/5.0 (Macintosh; Intel Mac OS X 10_14_6) AppleWebKit/537.36 (KHTML, like Gecko) Chrome/88.0.4324.192 Safari/537.36',
    accept: 'text/html,application/xhtml+xml,application/xml;q=0.9,image/avif,image/webp,image/apng,*/*;q=0.8,application/signed-exchange;v=b3;q=0.9',
    'sec-fetch-site': 'none',
    'sec-fetch-mode': 'navigate',
    'sec-fetch-user': '?1',
    'sec-fetch-dest': 'document',
    'accept-encoding': 'gzip, deflate, br',
    'accept-language': 'zh-CN,zh;q=0.9'
  }
}
[2021-03-08T16:17:38.813] [INFO] http - {
  method: 'GET',
  url: '/list/10010',
  header: {
    host: 'localhost:3030',
    connection: 'keep-alive',
    'cache-control': 'max-age=0',
    'sec-ch-ua': '"Chromium";v="88", "Google Chrome";v="88", ";Not A Brand";v="99"',
    'sec-ch-ua-mobile': '?0',
    'upgrade-insecure-requests': '1',
    'user-agent': 'Mozilla/5.0 (Macintosh; Intel Mac OS X 10_14_6) AppleWebKit/537.36 (KHTML, like Gecko) Chrome/88.0.4324.192 Safari/537.36',
    accept: 'text/html,application/xhtml+xml,application/xml;q=0.9,image/avif,image/webp,image/apng,*/*;q=0.8,application/signed-exchange;v=b3;q=0.9',
    'sec-fetch-site': 'none',
    'sec-fetch-mode': 'navigate',
    'sec-fetch-user': '?1',
    'sec-fetch-dest': 'document',
    'accept-encoding': 'gzip, deflate, br',
    'accept-language': 'zh-CN,zh;q=0.9'
  }
}
[2021-03-08T16:24:01.614] [INFO] http - {
  method: 'GET',
  url: '/list/10010',
  header: {
    host: 'localhost:3030',
    connection: 'keep-alive',
    'cache-control': 'max-age=0',
    'sec-ch-ua': '"Chromium";v="88", "Google Chrome";v="88", ";Not A Brand";v="99"',
    'sec-ch-ua-mobile': '?0',
    'upgrade-insecure-requests': '1',
    'user-agent': 'Mozilla/5.0 (Macintosh; Intel Mac OS X 10_14_6) AppleWebKit/537.36 (KHTML, like Gecko) Chrome/88.0.4324.192 Safari/537.36',
    accept: 'text/html,application/xhtml+xml,application/xml;q=0.9,image/avif,image/webp,image/apng,*/*;q=0.8,application/signed-exchange;v=b3;q=0.9',
    'sec-fetch-site': 'none',
    'sec-fetch-mode': 'navigate',
    'sec-fetch-user': '?1',
    'sec-fetch-dest': 'document',
    'accept-encoding': 'gzip, deflate, br',
    'accept-language': 'zh-CN,zh;q=0.9'
  }
}
[2021-03-08T16:25:50.446] [INFO] http - {
  method: 'GET',
  url: '/list/10010',
  header: {
    host: 'localhost:3030',
    connection: 'keep-alive',
    'cache-control': 'max-age=0',
    'sec-ch-ua': '"Chromium";v="88", "Google Chrome";v="88", ";Not A Brand";v="99"',
    'sec-ch-ua-mobile': '?0',
    'upgrade-insecure-requests': '1',
    'user-agent': 'Mozilla/5.0 (Macintosh; Intel Mac OS X 10_14_6) AppleWebKit/537.36 (KHTML, like Gecko) Chrome/88.0.4324.192 Safari/537.36',
    accept: 'text/html,application/xhtml+xml,application/xml;q=0.9,image/avif,image/webp,image/apng,*/*;q=0.8,application/signed-exchange;v=b3;q=0.9',
    'sec-fetch-site': 'none',
    'sec-fetch-mode': 'navigate',
    'sec-fetch-user': '?1',
    'sec-fetch-dest': 'document',
    'accept-encoding': 'gzip, deflate, br',
    'accept-language': 'zh-CN,zh;q=0.9'
  }
}
[2021-03-08T16:25:54.930] [INFO] http - {
  method: 'GET',
  url: '/',
  header: {
    host: 'localhost:3030',
    connection: 'keep-alive',
    'sec-ch-ua': '"Chromium";v="88", "Google Chrome";v="88", ";Not A Brand";v="99"',
    'sec-ch-ua-mobile': '?0',
    'upgrade-insecure-requests': '1',
    'user-agent': 'Mozilla/5.0 (Macintosh; Intel Mac OS X 10_14_6) AppleWebKit/537.36 (KHTML, like Gecko) Chrome/88.0.4324.192 Safari/537.36',
    accept: 'text/html,application/xhtml+xml,application/xml;q=0.9,image/avif,image/webp,image/apng,*/*;q=0.8,application/signed-exchange;v=b3;q=0.9',
    'sec-fetch-site': 'none',
    'sec-fetch-mode': 'navigate',
    'sec-fetch-user': '?1',
    'sec-fetch-dest': 'document',
    'accept-encoding': 'gzip, deflate, br',
    'accept-language': 'zh-CN,zh;q=0.9'
  }
}
[2021-03-08T16:26:03.831] [INFO] http - GET
[2021-03-08T16:26:03.831] [INFO] http - {
  host: 'localhost:3030',
  connection: 'keep-alive',
  'sec-ch-ua': '"Chromium";v="88", "Google Chrome";v="88", ";Not A Brand";v="99"',
  accept: 'application/json, text/plain, */*',
  'sec-ch-ua-mobile': '?0',
  'user-agent': 'Mozilla/5.0 (Macintosh; Intel Mac OS X 10_14_6) AppleWebKit/537.36 (KHTML, like Gecko) Chrome/88.0.4324.192 Safari/537.36',
  'sec-fetch-site': 'same-origin',
  'sec-fetch-mode': 'cors',
  'sec-fetch-dest': 'empty',
  referer: 'http://localhost:3030/',
  'accept-encoding': 'gzip, deflate, br',
  'accept-language': 'zh-CN,zh;q=0.9'
}
[2021-03-08T16:27:02.429] [INFO] http - {
  method: 'GET',
  url: '/',
  header: {
    host: 'localhost:3030',
    connection: 'keep-alive',
    'cache-control': 'max-age=0',
    'sec-ch-ua': '"Chromium";v="88", "Google Chrome";v="88", ";Not A Brand";v="99"',
    'sec-ch-ua-mobile': '?0',
    'upgrade-insecure-requests': '1',
    'user-agent': 'Mozilla/5.0 (Macintosh; Intel Mac OS X 10_14_6) AppleWebKit/537.36 (KHTML, like Gecko) Chrome/88.0.4324.192 Safari/537.36',
    accept: 'text/html,application/xhtml+xml,application/xml;q=0.9,image/avif,image/webp,image/apng,*/*;q=0.8,application/signed-exchange;v=b3;q=0.9',
    'sec-fetch-site': 'none',
    'sec-fetch-mode': 'navigate',
    'sec-fetch-user': '?1',
    'sec-fetch-dest': 'document',
    'accept-encoding': 'gzip, deflate, br',
    'accept-language': 'zh-CN,zh;q=0.9'
  }
}
[2021-03-08T16:27:06.130] [INFO] http - {
  method: 'POST',
  url: '/aj/withdraw/apply_test.json',
  header: {
    host: 'localhost:3030',
    connection: 'keep-alive',
    'content-length': '46',
    'sec-ch-ua': '"Chromium";v="88", "Google Chrome";v="88", ";Not A Brand";v="99"',
    accept: 'application/json, text/plain, */*',
    'sec-ch-ua-mobile': '?0',
    'user-agent': 'Mozilla/5.0 (Macintosh; Intel Mac OS X 10_14_6) AppleWebKit/537.36 (KHTML, like Gecko) Chrome/88.0.4324.192 Safari/537.36',
    'content-type': 'application/json;charset=UTF-8',
    origin: 'http://localhost:3030',
    'sec-fetch-site': 'same-origin',
    'sec-fetch-mode': 'cors',
    'sec-fetch-dest': 'empty',
    referer: 'http://localhost:3030/',
    'accept-encoding': 'gzip, deflate, br',
    'accept-language': 'zh-CN,zh;q=0.9'
  }
}
[2021-03-08T16:27:48.303] [INFO] http - {
  method: 'GET',
  url: '/aj/withdraw/apply_test.json?loan_amount=600&period=6&period_unit=1&_=1615192068260',
  header: {
    host: 'localhost:3030',
    connection: 'keep-alive',
    'sec-ch-ua': '"Chromium";v="88", "Google Chrome";v="88", ";Not A Brand";v="99"',
    accept: 'application/json, text/plain, */*',
    'sec-ch-ua-mobile': '?0',
    'user-agent': 'Mozilla/5.0 (Macintosh; Intel Mac OS X 10_14_6) AppleWebKit/537.36 (KHTML, like Gecko) Chrome/88.0.4324.192 Safari/537.36',
    'sec-fetch-site': 'same-origin',
    'sec-fetch-mode': 'cors',
    'sec-fetch-dest': 'empty',
    referer: 'http://localhost:3030/',
    'accept-encoding': 'gzip, deflate, br',
    'accept-language': 'zh-CN,zh;q=0.9'
  }
}
[2021-03-08T16:27:50.234] [INFO] http - {
  method: 'POST',
  url: '/aj/withdraw/apply_test.json',
  header: {
    host: 'localhost:3030',
    connection: 'keep-alive',
    'content-length': '46',
    'sec-ch-ua': '"Chromium";v="88", "Google Chrome";v="88", ";Not A Brand";v="99"',
    accept: 'application/json, text/plain, */*',
    'sec-ch-ua-mobile': '?0',
    'user-agent': 'Mozilla/5.0 (Macintosh; Intel Mac OS X 10_14_6) AppleWebKit/537.36 (KHTML, like Gecko) Chrome/88.0.4324.192 Safari/537.36',
    'content-type': 'application/json;charset=UTF-8',
    origin: 'http://localhost:3030',
    'sec-fetch-site': 'same-origin',
    'sec-fetch-mode': 'cors',
    'sec-fetch-dest': 'empty',
    referer: 'http://localhost:3030/',
    'accept-encoding': 'gzip, deflate, br',
    'accept-language': 'zh-CN,zh;q=0.9'
  }
}
